<?xml version="1.0" encoding="UTF-8" ?>
<testsuite failures="0" time="2.245" errors="1" skipped="0" tests="2" name="com.app.taxi.dao.GuestDaoImplTest">
  <properties>
    <property name="java.runtime.name" value="Java(TM) SE Runtime Environment"/>
    <property name="sun.boot.library.path" value="C:\Program Files\Java\jdk1.6.0_29\jre\bin"/>
    <property name="java.vm.version" value="20.4-b02"/>
    <property name="java.vm.vendor" value="Sun Microsystems Inc."/>
    <property name="java.vendor.url" value="http://java.sun.com/"/>
    <property name="path.separator" value=";"/>
    <property name="java.vm.name" value="Java HotSpot(TM) Client VM"/>
    <property name="file.encoding.pkg" value="sun.io"/>
    <property name="user.country" value="CN"/>
    <property name="sun.java.launcher" value="SUN_STANDARD"/>
    <property name="sun.os.patch.level" value="Service Pack 1"/>
    <property name="java.vm.specification.name" value="Java Virtual Machine Specification"/>
    <property name="user.dir" value="D:\workspace_app\taxi-server"/>
    <property name="java.runtime.version" value="1.6.0_29-b11"/>
    <property name="java.awt.graphicsenv" value="sun.awt.Win32GraphicsEnvironment"/>
    <property name="basedir" value="D:\workspace_app\taxi-server"/>
    <property name="java.endorsed.dirs" value="C:\Program Files\Java\jdk1.6.0_29\jre\lib\endorsed"/>
    <property name="os.arch" value="x86"/>
    <property name="surefire.real.class.path" value="D:\workspace_app\taxi-server\target\surefire\surefirebooter3490376380116197961.jar"/>
    <property name="java.io.tmpdir" value="C:\Users\lijib\AppData\Local\Temp\"/>
    <property name="line.separator" value="
"/>
    <property name="java.vm.specification.vendor" value="Sun Microsystems Inc."/>
    <property name="user.variant" value=""/>
    <property name="os.name" value="Windows 7"/>
    <property name="sun.jnu.encoding" value="GBK"/>
    <property name="java.library.path" value="C:\Program Files\Java\jdk1.6.0_29\jre\bin;C:\Windows\Sun\Java\bin;C:\Windows\system32;C:\Windows;C:/Program Files/Java/jre7/bin/client;C:/Program Files/Java/jre7/bin;C:/Program Files/Java/jre7/lib/i386;C:\app\admin\product\11.2.0\client_1\bin;C:\Windows\system32;C:\Windows;C:\Windows\System32\Wbem;C:\Windows\System32\WindowsPowerShell\v1.0\;c:\Program Files\Microsoft SQL Server\90\Tools\binn\;c:\Program Files\Microsoft SQL Server\100\Tools\Binn\;c:\Program Files\Microsoft SQL Server\100\DTS\Binn\;C:\Program Files\TortoiseSVN\bin;C:\Program Files\Microsoft ASP.NET\ASP.NET Web Pages\v1.0\;C:\Program Files\Java\jdk1.6.0_29\bin;D:\glassfishv3\bin;D:\maven\apache-maven-3.0.3\bin;C:\Program Files\Microsoft SQL Server\100\Tools\Binn\VSShell\Common7\IDE\;C:\Program Files\nodejs\;D:\indigo\eclipse;;."/>
    <property name="surefire.test.class.path" value="D:\workspace_app\taxi-server\target\test-classes;D:\workspace_app\taxi-server\target\classes;C:\Users\lijib\.m2\repository\log4j\log4j\1.2.17\log4j-1.2.17.jar;C:\Users\lijib\.m2\repository\org\springframework\spring-webmvc\3.1.2.RELEASE\spring-webmvc-3.1.2.RELEASE.jar;C:\Users\lijib\.m2\repository\org\springframework\spring-asm\3.1.2.RELEASE\spring-asm-3.1.2.RELEASE.jar;C:\Users\lijib\.m2\repository\org\springframework\spring-beans\3.1.2.RELEASE\spring-beans-3.1.2.RELEASE.jar;C:\Users\lijib\.m2\repository\org\springframework\spring-context\3.1.2.RELEASE\spring-context-3.1.2.RELEASE.jar;C:\Users\lijib\.m2\repository\org\springframework\spring-aop\3.1.2.RELEASE\spring-aop-3.1.2.RELEASE.jar;C:\Users\lijib\.m2\repository\org\springframework\spring-context-support\3.1.2.RELEASE\spring-context-support-3.1.2.RELEASE.jar;C:\Users\lijib\.m2\repository\org\springframework\spring-core\3.1.2.RELEASE\spring-core-3.1.2.RELEASE.jar;C:\Users\lijib\.m2\repository\commons-logging\commons-logging\1.1.1\commons-logging-1.1.1.jar;C:\Users\lijib\.m2\repository\org\springframework\spring-expression\3.1.2.RELEASE\spring-expression-3.1.2.RELEASE.jar;C:\Users\lijib\.m2\repository\org\springframework\spring-web\3.1.2.RELEASE\spring-web-3.1.2.RELEASE.jar;C:\Users\lijib\.m2\repository\aopalliance\aopalliance\1.0\aopalliance-1.0.jar;C:\Users\lijib\.m2\repository\org\springframework\spring-test\3.1.2.RELEASE\spring-test-3.1.2.RELEASE.jar;C:\Users\lijib\.m2\repository\org\springframework\spring-orm\3.1.2.RELEASE\spring-orm-3.1.2.RELEASE.jar;C:\Users\lijib\.m2\repository\org\springframework\spring-jdbc\3.1.2.RELEASE\spring-jdbc-3.1.2.RELEASE.jar;C:\Users\lijib\.m2\repository\org\springframework\spring-tx\3.1.2.RELEASE\spring-tx-3.1.2.RELEASE.jar;C:\Users\lijib\.m2\repository\mysql\mysql-connector-java\5.1.21\mysql-connector-java-5.1.21.jar;C:\Users\lijib\.m2\repository\junit\junit\4.10\junit-4.10.jar;C:\Users\lijib\.m2\repository\org\hamcrest\hamcrest-core\1.1\hamcrest-core-1.1.jar;C:\Users\lijib\.m2\repository\javax\servlet\jstl\1.1.2\jstl-1.1.2.jar;C:\Users\lijib\.m2\repository\taglibs\standard\1.1.2\standard-1.1.2.jar;C:\Users\lijib\.m2\repository\javax\servlet\servlet-api\2.5\servlet-api-2.5.jar;"/>
    <property name="java.specification.name" value="Java Platform API Specification"/>
    <property name="java.class.version" value="50.0"/>
    <property name="sun.management.compiler" value="HotSpot Client Compiler"/>
    <property name="os.version" value="6.1"/>
    <property name="user.home" value="C:\Users\lijib"/>
    <property name="user.timezone" value="Asia/Shanghai"/>
    <property name="java.awt.printerjob" value="sun.awt.windows.WPrinterJob"/>
    <property name="java.specification.version" value="1.6"/>
    <property name="file.encoding" value="GBK"/>
    <property name="user.name" value="lijib"/>
    <property name="java.class.path" value="D:\workspace_app\taxi-server\target\test-classes;D:\workspace_app\taxi-server\target\classes;C:\Users\lijib\.m2\repository\log4j\log4j\1.2.17\log4j-1.2.17.jar;C:\Users\lijib\.m2\repository\org\springframework\spring-webmvc\3.1.2.RELEASE\spring-webmvc-3.1.2.RELEASE.jar;C:\Users\lijib\.m2\repository\org\springframework\spring-asm\3.1.2.RELEASE\spring-asm-3.1.2.RELEASE.jar;C:\Users\lijib\.m2\repository\org\springframework\spring-beans\3.1.2.RELEASE\spring-beans-3.1.2.RELEASE.jar;C:\Users\lijib\.m2\repository\org\springframework\spring-context\3.1.2.RELEASE\spring-context-3.1.2.RELEASE.jar;C:\Users\lijib\.m2\repository\org\springframework\spring-aop\3.1.2.RELEASE\spring-aop-3.1.2.RELEASE.jar;C:\Users\lijib\.m2\repository\org\springframework\spring-context-support\3.1.2.RELEASE\spring-context-support-3.1.2.RELEASE.jar;C:\Users\lijib\.m2\repository\org\springframework\spring-core\3.1.2.RELEASE\spring-core-3.1.2.RELEASE.jar;C:\Users\lijib\.m2\repository\commons-logging\commons-logging\1.1.1\commons-logging-1.1.1.jar;C:\Users\lijib\.m2\repository\org\springframework\spring-expression\3.1.2.RELEASE\spring-expression-3.1.2.RELEASE.jar;C:\Users\lijib\.m2\repository\org\springframework\spring-web\3.1.2.RELEASE\spring-web-3.1.2.RELEASE.jar;C:\Users\lijib\.m2\repository\aopalliance\aopalliance\1.0\aopalliance-1.0.jar;C:\Users\lijib\.m2\repository\org\springframework\spring-test\3.1.2.RELEASE\spring-test-3.1.2.RELEASE.jar;C:\Users\lijib\.m2\repository\org\springframework\spring-orm\3.1.2.RELEASE\spring-orm-3.1.2.RELEASE.jar;C:\Users\lijib\.m2\repository\org\springframework\spring-jdbc\3.1.2.RELEASE\spring-jdbc-3.1.2.RELEASE.jar;C:\Users\lijib\.m2\repository\org\springframework\spring-tx\3.1.2.RELEASE\spring-tx-3.1.2.RELEASE.jar;C:\Users\lijib\.m2\repository\mysql\mysql-connector-java\5.1.21\mysql-connector-java-5.1.21.jar;C:\Users\lijib\.m2\repository\junit\junit\4.10\junit-4.10.jar;C:\Users\lijib\.m2\repository\org\hamcrest\hamcrest-core\1.1\hamcrest-core-1.1.jar;C:\Users\lijib\.m2\repository\javax\servlet\jstl\1.1.2\jstl-1.1.2.jar;C:\Users\lijib\.m2\repository\taglibs\standard\1.1.2\standard-1.1.2.jar;C:\Users\lijib\.m2\repository\javax\servlet\servlet-api\2.5\servlet-api-2.5.jar;"/>
    <property name="java.vm.specification.version" value="1.0"/>
    <property name="sun.arch.data.model" value="32"/>
    <property name="java.home" value="C:\Program Files\Java\jdk1.6.0_29\jre"/>
    <property name="sun.java.command" value="D:\workspace_app\taxi-server\target\surefire\surefirebooter3490376380116197961.jar D:\workspace_app\taxi-server\target\surefire\surefire8410582566004605333tmp D:\workspace_app\taxi-server\target\surefire\surefire505133405433236303tmp"/>
    <property name="java.specification.vendor" value="Sun Microsystems Inc."/>
    <property name="user.language" value="zh"/>
    <property name="awt.toolkit" value="sun.awt.windows.WToolkit"/>
    <property name="java.vm.info" value="mixed mode, sharing"/>
    <property name="java.version" value="1.6.0_29"/>
    <property name="java.ext.dirs" value="C:\Program Files\Java\jdk1.6.0_29\jre\lib\ext;C:\Windows\Sun\Java\lib\ext"/>
    <property name="sun.boot.class.path" value="C:\Program Files\Java\jdk1.6.0_29\jre\lib\resources.jar;C:\Program Files\Java\jdk1.6.0_29\jre\lib\rt.jar;C:\Program Files\Java\jdk1.6.0_29\jre\lib\sunrsasign.jar;C:\Program Files\Java\jdk1.6.0_29\jre\lib\jsse.jar;C:\Program Files\Java\jdk1.6.0_29\jre\lib\jce.jar;C:\Program Files\Java\jdk1.6.0_29\jre\lib\charsets.jar;C:\Program Files\Java\jdk1.6.0_29\jre\lib\modules\jdk.boot.jar;C:\Program Files\Java\jdk1.6.0_29\jre\classes"/>
    <property name="java.vendor" value="Sun Microsystems Inc."/>
    <property name="localRepository" value="C:\Users\lijib\.m2\repository"/>
    <property name="file.separator" value="\"/>
    <property name="java.vendor.url.bug" value="http://java.sun.com/cgi-bin/bugreport.cgi"/>
    <property name="sun.cpu.endian" value="little"/>
    <property name="sun.io.unicode.encoding" value="UnicodeLittle"/>
    <property name="sun.desktop" value="windows"/>
    <property name="sun.cpu.isalist" value="pentium_pro+mmx pentium_pro pentium+mmx pentium i486 i386 i86"/>
  </properties>
  <testcase time="1.707" classname="com.app.taxi.dao.GuestDaoImplTest" name="testSave">
    <error message="PreparedStatementCallback; SQL [insert into taxi_guest (id, phone_num) values(?,?)]; Duplicate entry &apos;18665887300&apos; for key &apos;phone_num_UNIQUE&apos;; nested exception is com.mysql.jdbc.exceptions.jdbc4.MySQLIntegrityConstraintViolationException: Duplicate entry &apos;18665887300&apos; for key &apos;phone_num_UNIQUE&apos;" type="org.springframework.dao.DuplicateKeyException">org.springframework.dao.DuplicateKeyException: PreparedStatementCallback; SQL [insert into taxi_guest (id, phone_num) values(?,?)]; Duplicate entry &apos;18665887300&apos; for key &apos;phone_num_UNIQUE&apos;; nested exception is com.mysql.jdbc.exceptions.jdbc4.MySQLIntegrityConstraintViolationException: Duplicate entry &apos;18665887300&apos; for key &apos;phone_num_UNIQUE&apos;
	at org.springframework.jdbc.support.SQLErrorCodeSQLExceptionTranslator.doTranslate(SQLErrorCodeSQLExceptionTranslator.java:241)
	at org.springframework.jdbc.support.AbstractFallbackSQLExceptionTranslator.translate(AbstractFallbackSQLExceptionTranslator.java:72)
	at org.springframework.jdbc.core.JdbcTemplate.execute(JdbcTemplate.java:603)
	at org.springframework.jdbc.core.JdbcTemplate.update(JdbcTemplate.java:812)
	at org.springframework.jdbc.core.JdbcTemplate.update(JdbcTemplate.java:868)
	at org.springframework.jdbc.core.JdbcTemplate.update(JdbcTemplate.java:876)
	at com.app.taxi.dao.impl.GuestDaoImpl.saveGuest(GuestDaoImpl.java:20)
	at com.app.taxi.dao.GuestDaoImplTest.testSave(GuestDaoImplTest.java:27)
	at sun.reflect.NativeMethodAccessorImpl.invoke0(Native Method)
	at sun.reflect.NativeMethodAccessorImpl.invoke(NativeMethodAccessorImpl.java:39)
	at sun.reflect.DelegatingMethodAccessorImpl.invoke(DelegatingMethodAccessorImpl.java:25)
	at java.lang.reflect.Method.invoke(Method.java:597)
	at org.junit.runners.model.FrameworkMethod$1.runReflectiveCall(FrameworkMethod.java:45)
	at org.junit.internal.runners.model.ReflectiveCallable.run(ReflectiveCallable.java:15)
	at org.junit.runners.model.FrameworkMethod.invokeExplosively(FrameworkMethod.java:42)
	at org.junit.internal.runners.statements.InvokeMethod.evaluate(InvokeMethod.java:20)
	at org.junit.internal.runners.statements.RunBefores.evaluate(RunBefores.java:28)
	at org.springframework.test.context.junit4.statements.RunBeforeTestMethodCallbacks.evaluate(RunBeforeTestMethodCallbacks.java:74)
	at org.springframework.test.context.junit4.statements.RunAfterTestMethodCallbacks.evaluate(RunAfterTestMethodCallbacks.java:83)
	at org.springframework.test.context.junit4.statements.SpringRepeat.evaluate(SpringRepeat.java:72)
	at org.springframework.test.context.junit4.SpringJUnit4ClassRunner.runChild(SpringJUnit4ClassRunner.java:231)
	at org.junit.runners.BlockJUnit4ClassRunner.runChild(BlockJUnit4ClassRunner.java:47)
	at org.junit.runners.ParentRunner$3.run(ParentRunner.java:231)
	at org.junit.runners.ParentRunner$1.schedule(ParentRunner.java:60)
	at org.junit.runners.ParentRunner.runChildren(ParentRunner.java:229)
	at org.junit.runners.ParentRunner.access$000(ParentRunner.java:50)
	at org.junit.runners.ParentRunner$2.evaluate(ParentRunner.java:222)
	at org.springframework.test.context.junit4.statements.RunBeforeTestClassCallbacks.evaluate(RunBeforeTestClassCallbacks.java:61)
	at org.springframework.test.context.junit4.statements.RunAfterTestClassCallbacks.evaluate(RunAfterTestClassCallbacks.java:71)
	at org.junit.runners.ParentRunner.run(ParentRunner.java:300)
	at org.springframework.test.context.junit4.SpringJUnit4ClassRunner.run(SpringJUnit4ClassRunner.java:174)
	at org.apache.maven.surefire.junit4.JUnit4TestSet.execute(JUnit4TestSet.java:35)
	at org.apache.maven.surefire.junit4.JUnit4Provider.executeTestSet(JUnit4Provider.java:146)
	at org.apache.maven.surefire.junit4.JUnit4Provider.invoke(JUnit4Provider.java:97)
	at sun.reflect.NativeMethodAccessorImpl.invoke0(Native Method)
	at sun.reflect.NativeMethodAccessorImpl.invoke(NativeMethodAccessorImpl.java:39)
	at sun.reflect.DelegatingMethodAccessorImpl.invoke(DelegatingMethodAccessorImpl.java:25)
	at java.lang.reflect.Method.invoke(Method.java:597)
	at org.apache.maven.surefire.booter.ProviderFactory$ClassLoaderProxy.invoke(ProviderFactory.java:103)
	at $Proxy0.invoke(Unknown Source)
	at org.apache.maven.surefire.booter.SurefireStarter.invokeProvider(SurefireStarter.java:145)
	at org.apache.maven.surefire.booter.SurefireStarter.runSuitesInProcess(SurefireStarter.java:87)
	at org.apache.maven.surefire.booter.ForkedBooter.main(ForkedBooter.java:69)
Caused by: com.mysql.jdbc.exceptions.jdbc4.MySQLIntegrityConstraintViolationException: Duplicate entry &apos;18665887300&apos; for key &apos;phone_num_UNIQUE&apos;
	at sun.reflect.NativeConstructorAccessorImpl.newInstance0(Native Method)
	at sun.reflect.NativeConstructorAccessorImpl.newInstance(NativeConstructorAccessorImpl.java:39)
	at sun.reflect.DelegatingConstructorAccessorImpl.newInstance(DelegatingConstructorAccessorImpl.java:27)
	at java.lang.reflect.Constructor.newInstance(Constructor.java:513)
	at com.mysql.jdbc.Util.handleNewInstance(Util.java:411)
	at com.mysql.jdbc.Util.getInstance(Util.java:386)
	at com.mysql.jdbc.SQLError.createSQLException(SQLError.java:1040)
	at com.mysql.jdbc.MysqlIO.checkErrorPacket(MysqlIO.java:4074)
	at com.mysql.jdbc.MysqlIO.checkErrorPacket(MysqlIO.java:4006)
	at com.mysql.jdbc.MysqlIO.sendCommand(MysqlIO.java:2468)
	at com.mysql.jdbc.MysqlIO.sqlQueryDirect(MysqlIO.java:2629)
	at com.mysql.jdbc.ConnectionImpl.execSQL(ConnectionImpl.java:2719)
	at com.mysql.jdbc.PreparedStatement.executeInternal(PreparedStatement.java:2155)
	at com.mysql.jdbc.PreparedStatement.executeUpdate(PreparedStatement.java:2450)
	at com.mysql.jdbc.PreparedStatement.executeUpdate(PreparedStatement.java:2371)
	at com.mysql.jdbc.PreparedStatement.executeUpdate(PreparedStatement.java:2355)
	at org.springframework.jdbc.core.JdbcTemplate$2.doInPreparedStatement(JdbcTemplate.java:818)
	at org.springframework.jdbc.core.JdbcTemplate$2.doInPreparedStatement(JdbcTemplate.java:1)
	at org.springframework.jdbc.core.JdbcTemplate.execute(JdbcTemplate.java:587)
	... 40 more
</error>
    <system-out>@HL
@HL-------------------------------------------------------
@HL T E S T S
@HL-------------------------------------------------------
@SLRunning com.app.taxi.dao.GuestDaoImplTest
15:30:06,817  INFO XmlBeanDefinitionReader:315 - Loading XML bean definitions from class path resource [DBTest-context.xml]
15:30:07,064  INFO GenericApplicationContext:500 - Refreshing org.springframework.context.support.GenericApplicationContext@17f1ba3: startup date [Fri Apr 19 15:30:07 CST 2013]; root of context hierarchy
15:30:07,427  INFO DefaultListableBeanFactory:581 - Pre-instantiating singletons in org.springframework.beans.factory.support.DefaultListableBeanFactory@1e3cd51: defining beans [dataSource,transactionManager,org.springframework.aop.config.internalAutoProxyCreator,org.springframework.transaction.annotation.AnnotationTransactionAttributeSource#0,org.springframework.transaction.interceptor.TransactionInterceptor#0,org.springframework.transaction.config.internalTransactionAdvisor,guestDao,orderDao,userService,orderService,org.springframework.context.annotation.internalConfigurationAnnotationProcessor,org.springframework.context.annotation.internalAutowiredAnnotationProcessor,org.springframework.context.annotation.internalRequiredAnnotationProcessor,org.springframework.context.annotation.internalCommonAnnotationProcessor,org.springframework.context.annotation.ConfigurationClassPostProcessor$ImportAwareBeanPostProcessor#0]; root of factory hierarchy
15:30:07,497  INFO DriverManagerDataSource:153 - Loaded JDBC driver: com.mysql.jdbc.Driver
15:30:08,169  INFO XmlBeanDefinitionReader:315 - Loading XML bean definitions from class path resource [org/springframework/jdbc/support/sql-error-codes.xml]
15:30:08,240  INFO SQLErrorCodesFactory:126 - SQLErrorCodes loaded: [DB2, Derby, H2, HSQL, Informix, MS-SQL, MySQL, Oracle, PostgreSQL, Sybase]
</system-out>
  </testcase>
  <testcase time="0.035" classname="com.app.taxi.dao.GuestDaoImplTest" name="testGet"/>
</testsuite>